[2026-01-17 16:13:22.996] [DEBUG] [io.cucumber.core.plugin.SerenityReporter] - Running feature from file:///D:/CONOCIMIENTO/QA%20AUTOMATION/seleniumPOM/src/test/resources/features/login.feature
[2026-01-17 16:13:23.078] [INFO ] [] - 

-------------------------------------------------------------------------------------
     _______. _______ .______       _______ .__   __.  __  .___________.____    ____ 
    /       ||   ____||   _  \     |   ____||  \ |  | |  | |           |\   \  /   / 
   |   (----`|  |__   |  |_)  |    |  |__   |   \|  | |  | `---|  |----` \   \/   /  
    \   \    |   __|  |      /     |   __|  |  . `  | |  |     |  |       \_    _/   
.----)   |   |  |____ |  |\  \----.|  |____ |  |\   | |  |     |  |         |  |     
|_______/    |_______|| _| `._____||_______||__| \__| |__|     |__|         |__|    
                                                                                     
 News and tutorials at https://serenity-bdd.info                                     
 Documentation at https://serenity-bdd.github.io                                     
 Test Automation Training and Coaching: https://www.serenity-dojo.com                
 Commercial Support: https://www.serenity-dojo.com/serenity-bdd-enterprise-support   
 Join the Serenity Community on Gitter: https://gitter.im/serenity-bdd/serenity-core 
-------------------------------------------------------------------------------------

[2026-01-17 16:13:23.090] [DEBUG] [net.thucydides.core.steps.StepEventBus] - Test suite started for story net.thucydides.model.domain.Story@c4bded20
[2026-01-17 16:13:23.104] [INFO ] [] - Test Suite Started: Login
[2026-01-17 16:13:23.235] [DEBUG] [io.cucumber.core.plugin.SerenityReporter] - Running feature from file:///D:/CONOCIMIENTO/QA%20AUTOMATION/seleniumPOM/src/test/resources/features/login.feature
[2026-01-17 16:13:23.235] [DEBUG] [net.thucydides.core.steps.StepEventBus] - Test suite started for story net.thucydides.model.domain.Story@c4bded20
[2026-01-17 16:13:23.235] [INFO ] [] - Test Suite Started: Login
[2026-01-17 16:13:23.327] [DEBUG] [io.cucumber.core.plugin.SerenityReporter] - Running feature from file:///D:/CONOCIMIENTO/QA%20AUTOMATION/seleniumPOM/src/test/resources/features/login.feature
[2026-01-17 16:13:23.484] [INFO ] [] - 
  _____   ___   ___   _____     ___   _____     _     ___   _____   ___   ___  
 |_   _| | __| / __| |_   _|   / __| |_   _|   /_\   | _ \ |_   _| | __| |   \ 
   | |   | _|  \__ \   | |     \__ \   | |    / _ \  |   /   | |   | _|  | |) |
   |_|   |___| |___/   |_|     |___/   |_|   /_/ \_\ |_|_\   |_|   |___| |___/ 

login success(login;login-success)
--------------------------------------------------------------------------------
[2026-01-17 16:13:25.824] [INFO ] [AUTOMATION] - Ingresando usuario
[2026-01-17 16:13:25.915] [INFO ] [AUTOMATION] - Ingresando contraseña
[2026-01-17 16:13:25.970] [INFO ] [AUTOMATION] - Dando clic en el botón 'login'
[2026-01-17 16:13:30.065] [INFO ] [AUTOMATION] - Verificando existencia del logo
[2026-01-17 16:13:30.427] [INFO ] [] - 
  _____   ___   ___   _____     ___     _     ___   ___   ___   ___  
 |_   _| | __| / __| |_   _|   | _ \   /_\   / __| / __| | __| |   \ 
   | |   | _|  \__ \   | |     |  _/  / _ \  \__ \ \__ \ | _|  | |) |
   |_|   |___| |___/   |_|     |_|   /_/ \_\ |___/ |___/ |___| |___/ 

login success
----------------------------------------------------------------------
[2026-01-17 16:13:30.457] [DEBUG] [net.thucydides.model.reports.ReportService] - Reporting formats: [JSON]
[2026-01-17 16:13:30.468] [DEBUG] [net.thucydides.model.reports.ReportService] - Reporting formats: [JSON]
[2026-01-17 16:13:30.485] [DEBUG] [net.thucydides.model.reports.ReportService] - Generating reports for 1 test outcomes using: net.thucydides.model.reports.json.JSONTestOutcomeReporter@7d29fc6
[2026-01-17 16:13:30.485] [DEBUG] [net.thucydides.model.reports.ReportService] - Processing test outcome login:login success
[2026-01-17 16:13:30.485] [DEBUG] [net.thucydides.model.reports.ReportService] - net.thucydides.model.reports.json.JSONTestOutcomeReporter@7d29fc6: Generating report for test outcome: login:login success
[2026-01-17 16:13:30.505] [DEBUG] [net.thucydides.model.reports.json.JSONTestOutcomeReporter] - Generating JSON report for login success to file D:\CONOCIMIENTO\QA AUTOMATION\seleniumPOM\target\site\serenity\bb74c2d0803eb056a20abf30ed8bde6b6ad1193ac7ef8e5501133d2e56e62bb9.json)
[2026-01-17 16:13:30.566] [DEBUG] [net.thucydides.model.reports.ReportService] - Processing test outcome login:login success done
[2026-01-17 16:13:30.566] [DEBUG] [net.thucydides.model.reports.ReportService] - Shutting down executor service
[2026-01-17 16:13:30.566] [DEBUG] [net.thucydides.model.reports.ReportService] - Reports generated in: 81 ms
