[2026-01-18 15:22:22.428] [INFO ] [] - 

-------------------------------------------------------------------------------------
     _______. _______ .______       _______ .__   __.  __  .___________.____    ____ 
    /       ||   ____||   _  \     |   ____||  \ |  | |  | |           |\   \  /   / 
   |   (----`|  |__   |  |_)  |    |  |__   |   \|  | |  | `---|  |----` \   \/   /  
    \   \    |   __|  |      /     |   __|  |  . `  | |  |     |  |       \_    _/   
.----)   |   |  |____ |  |\  \----.|  |____ |  |\   | |  |     |  |         |  |     
|_______/    |_______|| _| `._____||_______||__| \__| |__|     |__|         |__|    
                                                                                     
 News and tutorials at https://serenity-bdd.info                                     
 Documentation at https://serenity-bdd.github.io                                     
 Test Automation Training and Coaching: https://www.serenity-dojo.com                
 Commercial Support: https://www.serenity-dojo.com/serenity-bdd-enterprise-support   
 Join the Serenity Community on Gitter: https://gitter.im/serenity-bdd/serenity-core 
-------------------------------------------------------------------------------------

[2026-01-18 15:22:22.448] [INFO ] [] - Test Suite Started: Login
[2026-01-18 15:22:22.576] [INFO ] [] - Test Suite Started: Login
[2026-01-18 15:22:22.824] [INFO ] [] - 
  _____   ___   ___   _____     ___   _____     _     ___   _____   ___   ___  
 |_   _| | __| / __| |_   _|   / __| |_   _|   /_\   | _ \ |_   _| | __| |   \ 
   | |   | _|  \__ \   | |     \__ \   | |    / _ \  |   /   | |   | _|  | |) |
   |_|   |___| |___/   |_|     |___/   |_|   /_/ \_\ |_|_\   |_|   |___| |___/ 

login success(login;login-success)
--------------------------------------------------------------------------------
[2026-01-18 15:22:25.121] [INFO ] [AUTOMATION] - Ingresando usuario
[2026-01-18 15:22:26.311] [INFO ] [AUTOMATION] - Ingresando contraseña
[2026-01-18 15:22:26.429] [INFO ] [AUTOMATION] - Dando clic en el botón 'login'
[2026-01-18 15:22:31.559] [INFO ] [AUTOMATION] - Verificando existencia del logo
[2026-01-18 15:22:31.869] [INFO ] [] - 
  _____   ___   ___   _____     ___     _     ___   ___   ___   ___  
 |_   _| | __| / __| |_   _|   | _ \   /_\   / __| / __| | __| |   \ 
   | |   | _|  \__ \   | |     |  _/  / _ \  \__ \ \__ \ | _|  | |) |
   |_|   |___| |___/   |_|     |_|   /_/ \_\ |___/ |___/ |___| |___/ 

login success
----------------------------------------------------------------------
[2026-01-18 15:22:33.473] [INFO ] [AUTOMATION] - Ingresando usuario
[2026-01-18 15:22:33.675] [INFO ] [AUTOMATION] - Ingresando contraseña
[2026-01-18 15:22:33.818] [INFO ] [AUTOMATION] - Dando clic en el botón 'login'
[2026-01-18 15:22:38.989] [INFO ] [AUTOMATION] - Verificando existencia del logo
[2026-01-18 15:22:39.316] [INFO ] [] - 
  _____   ___   ___   _____     ___     _     ___   ___   ___   ___  
 |_   _| | __| / __| |_   _|   | _ \   /_\   / __| / __| | __| |   \ 
   | |   | _|  \__ \   | |     |  _/  / _ \  \__ \ \__ \ | _|  | |) |
   |_|   |___| |___/   |_|     |_|   /_/ \_\ |___/ |___/ |___| |___/ 

login success
----------------------------------------------------------------------
[2026-01-18 15:22:40.878] [INFO ] [AUTOMATION] - Ingresando usuario
[2026-01-18 15:22:41.083] [INFO ] [AUTOMATION] - Ingresando contraseña
[2026-01-18 15:22:41.216] [INFO ] [AUTOMATION] - Dando clic en el botón 'login'
[2026-01-18 15:22:46.365] [INFO ] [AUTOMATION] - Verificando existencia del logo
