[2026-01-15 15:39:50.306] [TRACE] [net.thucydides.model.util.PropertiesLocalPreferences] - LOADING LOCAL PROPERTIES FROM D:\CONOCIMIENTO\QA AUTOMATION\seleniumPOM\serenity.properties 
[2026-01-15 15:39:50.383] [TRACE] [net.thucydides.model.util.PropertiesLocalPreferences] - LOADING LOCAL PROPERTIES FROM D:\CONOCIMIENTO\QA AUTOMATION\seleniumPOM\serenity.properties 
[2026-01-15 15:39:50.383] [TRACE] [net.thucydides.model.util.PropertiesLocalPreferences] - LOADING LOCAL PROPERTIES FROM D:\CONOCIMIENTO\QA AUTOMATION\seleniumPOM\serenity.properties 
[2026-01-15 15:39:50.409] [TRACE] [net.thucydides.model.util.PropertiesLocalPreferences] - webdriver.driver = chrome
[2026-01-15 15:39:50.409] [TRACE] [net.thucydides.model.util.PropertiesLocalPreferences] - serenity.report.encoding = UTF-8
[2026-01-15 15:39:50.409] [TRACE] [net.thucydides.model.util.PropertiesLocalPreferences] - serenity.dry.run = FALSE
[2026-01-15 15:39:50.414] [TRACE] [net.thucydides.model.util.PropertiesLocalPreferences] - chrome.switches = --start-maximized
[2026-01-15 15:39:50.414] [TRACE] [net.thucydides.model.util.PropertiesLocalPreferences] - serenity.test.root = net.thucydides.showcase.cucumber.junit
[2026-01-15 15:39:50.414] [TRACE] [net.thucydides.model.util.PropertiesLocalPreferences] - serenity.compress.filenames = FALSE
[2026-01-15 15:39:50.416] [TRACE] [net.thucydides.model.util.PropertiesLocalPreferences] - serenity.verbose.steps = FALSE
[2026-01-15 15:39:50.416] [TRACE] [net.thucydides.model.util.PropertiesLocalPreferences] - serenity.project.name = Proyecto POM QA
[2026-01-15 15:39:50.416] [TRACE] [net.thucydides.model.util.PropertiesLocalPreferences] - webdriver.timeouts.implicitywait = 10000
[2026-01-15 15:39:50.416] [TRACE] [net.thucydides.model.util.PropertiesLocalPreferences] - serenity.use.unique.browser = FALSE
[2026-01-15 15:39:50.417] [TRACE] [net.thucydides.model.util.PropertiesLocalPreferences] - serenity.take.screenshots = AFTER_EACH_STEP
[2026-01-15 15:39:50.428] [TRACE] [net.thucydides.model.util.PropertiesLocalPreferences] - LOADING LOCAL PROPERTIES FROM D:\CONOCIMIENTO\QA AUTOMATION\seleniumPOM\serenity.properties 
[2026-01-15 15:39:50.433] [TRACE] [net.thucydides.model.util.PropertiesLocalPreferences] - LOADING LOCAL PROPERTIES FROM D:\CONOCIMIENTO\QA AUTOMATION\seleniumPOM\serenity.properties 
[2026-01-15 15:39:50.435] [TRACE] [net.thucydides.model.util.PropertiesLocalPreferences] - LOADING LOCAL PROPERTIES FROM D:\CONOCIMIENTO\QA AUTOMATION\seleniumPOM\serenity.properties 
[2026-01-15 15:39:50.880] [DEBUG] [net.serenitybdd.cucumber.core.plugin.SerenityReporter] - Running feature from file:///D:/CONOCIMIENTO/QA%20AUTOMATION/seleniumPOM/src/test/resources/features/login.feature
[2026-01-15 15:39:50.959] [INFO ] [net.thucydides.model.logging.ConsoleLoggingListener] - 

-------------------------------------------------------------------------------------
     _______. _______ .______       _______ .__   __.  __  .___________.____    ____ 
    /       ||   ____||   _  \     |   ____||  \ |  | |  | |           |\   \  /   / 
   |   (----`|  |__   |  |_)  |    |  |__   |   \|  | |  | `---|  |----` \   \/   /  
    \   \    |   __|  |      /     |   __|  |  . `  | |  |     |  |       \_    _/   
.----)   |   |  |____ |  |\  \----.|  |____ |  |\   | |  |     |  |         |  |     
|_______/    |_______|| _| `._____||_______||__| \__| |__|     |__|         |__|    
                                                                                     
 News and tutorials at https://serenity-bdd.info                                     
 Documentation at https://serenity-bdd.github.io                                     
 Test Automation Training and Coaching: https://www.serenity-dojo.com                
 Commercial Support: https://www.serenity-dojo.com/serenity-bdd-enterprise-support   
 Join the Serenity Community on Gitter: https://gitter.im/serenity-bdd/serenity-core 
-------------------------------------------------------------------------------------

[2026-01-15 15:39:50.972] [DEBUG] [net.thucydides.core.steps.StepEventBus] - Test suite started for story net.thucydides.model.domain.Story@c4bded20
[2026-01-15 15:39:50.976] [INFO ] [net.thucydides.model.logging.ConsoleLoggingListener] - Test Suite Started: : Ingresar a la pagina Sawg labs y verificar el inicio de sesion
[2026-01-15 15:39:51.076] [DEBUG] [net.serenitybdd.cucumber.core.plugin.SerenityReporter] - Running feature from file:///D:/CONOCIMIENTO/QA%20AUTOMATION/seleniumPOM/src/test/resources/features/login.feature
[2026-01-15 15:39:51.078] [DEBUG] [net.thucydides.core.steps.StepEventBus] - Test suite started for story net.thucydides.model.domain.Story@c4bded20
[2026-01-15 15:39:51.078] [INFO ] [net.thucydides.model.logging.ConsoleLoggingListener] - Test Suite Started: : Ingresar a la pagina Sawg labs y verificar el inicio de sesion
[2026-01-15 15:39:51.153] [DEBUG] [net.serenitybdd.cucumber.core.plugin.SerenityReporter] - Running feature from file:///D:/CONOCIMIENTO/QA%20AUTOMATION/seleniumPOM/src/test/resources/features/login.feature
[2026-01-15 15:39:51.305] [INFO ] [net.thucydides.model.logging.ConsoleLoggingListener] - 
  _____   ___   ___   _____     ___   _____     _     ___   _____   ___   ___  
 |_   _| | __| / __| |_   _|   / __| |_   _|   /_\   | _ \ |_   _| | __| |   \ 
   | |   | _|  \__ \   | |     \__ \   | |    / _ \  |   /   | |   | _|  | |) |
   |_|   |___| |___/   |_|     |___/   |_|   /_/ \_\ |_|_\   |_|   |___| |___/ 

: Login exitoso(:-ingresar-a-la-pagina-sawg-labs-y-verificar-el-inicio-de-sesion;:-login-exitoso)
--------------------------------------------------------------------------------
[2026-01-15 15:39:51.683] [TRACE] [net.thucydides.model.util.PropertiesLocalPreferences] - LOADING LOCAL PROPERTIES FROM D:\CONOCIMIENTO\QA AUTOMATION\seleniumPOM\serenity.properties 
[2026-01-15 15:39:51.687] [TRACE] [net.thucydides.model.util.PropertiesLocalPreferences] - LOADING LOCAL PROPERTIES FROM D:\CONOCIMIENTO\QA AUTOMATION\seleniumPOM\serenity.properties 
[2026-01-15 15:39:51.687] [TRACE] [net.thucydides.model.util.PropertiesLocalPreferences] - LOADING LOCAL PROPERTIES FROM D:\CONOCIMIENTO\QA AUTOMATION\seleniumPOM\serenity.properties 
[2026-01-15 15:39:51.697] [TRACE] [net.thucydides.model.util.PropertiesLocalPreferences] - LOADING LOCAL PROPERTIES FROM D:\CONOCIMIENTO\QA AUTOMATION\seleniumPOM\serenity.properties 
[2026-01-15 15:39:51.701] [TRACE] [net.thucydides.model.util.PropertiesLocalPreferences] - LOADING LOCAL PROPERTIES FROM D:\CONOCIMIENTO\QA AUTOMATION\seleniumPOM\serenity.properties 
[2026-01-15 15:39:51.701] [TRACE] [net.thucydides.model.util.PropertiesLocalPreferences] - LOADING LOCAL PROPERTIES FROM D:\CONOCIMIENTO\QA AUTOMATION\seleniumPOM\serenity.properties 
[2026-01-15 15:39:51.718] [TRACE] [net.thucydides.model.util.PropertiesLocalPreferences] - LOADING LOCAL PROPERTIES FROM D:\CONOCIMIENTO\QA AUTOMATION\seleniumPOM\serenity.properties 
[2026-01-15 15:39:51.721] [TRACE] [net.thucydides.model.util.PropertiesLocalPreferences] - LOADING LOCAL PROPERTIES FROM D:\CONOCIMIENTO\QA AUTOMATION\seleniumPOM\serenity.properties 
[2026-01-15 15:39:51.721] [TRACE] [net.thucydides.model.util.PropertiesLocalPreferences] - LOADING LOCAL PROPERTIES FROM D:\CONOCIMIENTO\QA AUTOMATION\seleniumPOM\serenity.properties 
[2026-01-15 15:39:51.728] [TRACE] [net.thucydides.model.util.PropertiesLocalPreferences] - LOADING LOCAL PROPERTIES FROM D:\CONOCIMIENTO\QA AUTOMATION\seleniumPOM\serenity.properties 
[2026-01-15 15:39:51.728] [TRACE] [net.thucydides.model.util.PropertiesLocalPreferences] - LOADING LOCAL PROPERTIES FROM D:\CONOCIMIENTO\QA AUTOMATION\seleniumPOM\serenity.properties 
[2026-01-15 15:39:51.732] [TRACE] [net.thucydides.model.util.PropertiesLocalPreferences] - LOADING LOCAL PROPERTIES FROM D:\CONOCIMIENTO\QA AUTOMATION\seleniumPOM\serenity.properties 
[2026-01-15 15:39:51.748] [TRACE] [net.thucydides.model.util.PropertiesLocalPreferences] - LOADING LOCAL PROPERTIES FROM D:\CONOCIMIENTO\QA AUTOMATION\seleniumPOM\serenity.properties 
[2026-01-15 15:39:51.752] [TRACE] [net.thucydides.model.util.PropertiesLocalPreferences] - LOADING LOCAL PROPERTIES FROM D:\CONOCIMIENTO\QA AUTOMATION\seleniumPOM\serenity.properties 
[2026-01-15 15:39:51.752] [TRACE] [net.thucydides.model.util.PropertiesLocalPreferences] - LOADING LOCAL PROPERTIES FROM D:\CONOCIMIENTO\QA AUTOMATION\seleniumPOM\serenity.properties 
[2026-01-15 15:39:51.755] [TRACE] [net.thucydides.model.util.PropertiesLocalPreferences] - LOADING LOCAL PROPERTIES FROM D:\CONOCIMIENTO\QA AUTOMATION\seleniumPOM\serenity.properties 
[2026-01-15 15:39:51.758] [TRACE] [net.thucydides.model.util.PropertiesLocalPreferences] - LOADING LOCAL PROPERTIES FROM D:\CONOCIMIENTO\QA AUTOMATION\seleniumPOM\serenity.properties 
[2026-01-15 15:39:51.758] [TRACE] [net.thucydides.model.util.PropertiesLocalPreferences] - LOADING LOCAL PROPERTIES FROM D:\CONOCIMIENTO\QA AUTOMATION\seleniumPOM\serenity.properties 
[2026-01-15 15:39:51.792] [TRACE] [net.thucydides.model.util.PropertiesLocalPreferences] - LOADING LOCAL PROPERTIES FROM D:\CONOCIMIENTO\QA AUTOMATION\seleniumPOM\serenity.properties 
[2026-01-15 15:39:51.794] [TRACE] [net.thucydides.model.util.PropertiesLocalPreferences] - LOADING LOCAL PROPERTIES FROM D:\CONOCIMIENTO\QA AUTOMATION\seleniumPOM\serenity.properties 
[2026-01-15 15:39:51.794] [TRACE] [net.thucydides.model.util.PropertiesLocalPreferences] - LOADING LOCAL PROPERTIES FROM D:\CONOCIMIENTO\QA AUTOMATION\seleniumPOM\serenity.properties 
[2026-01-15 15:39:51.796] [TRACE] [net.thucydides.model.util.PropertiesLocalPreferences] - LOADING LOCAL PROPERTIES FROM D:\CONOCIMIENTO\QA AUTOMATION\seleniumPOM\serenity.properties 
[2026-01-15 15:39:51.798] [TRACE] [net.thucydides.model.util.PropertiesLocalPreferences] - LOADING LOCAL PROPERTIES FROM D:\CONOCIMIENTO\QA AUTOMATION\seleniumPOM\serenity.properties 
[2026-01-15 15:39:51.798] [TRACE] [net.thucydides.model.util.PropertiesLocalPreferences] - LOADING LOCAL PROPERTIES FROM D:\CONOCIMIENTO\QA AUTOMATION\seleniumPOM\serenity.properties 
[2026-01-15 15:39:51.818] [DEBUG] [net.thucydides.core.steps.StepInterceptor] - STARTING STEP: LoginDefinitions.queIngresoALaPaginaSawgLab - sauceDemo
[2026-01-15 15:39:51.914] [INFO ] [net.serenitybdd.core.webdriver.driverproviders.ChromeDriverProvider] - Starting Chrome driver instance with capabilities:
[2026-01-15 15:39:51.921] [INFO ] [net.serenitybdd.core.webdriver.driverproviders.ChromeDriverProvider] - Capabilities {acceptInsecureCerts: false, browserName: chrome, goog:chromeOptions: {args: [remote-allow-origins=*, --start-maximized], extensions: []}}
[2026-01-15 15:39:54.161] [TRACE] [net.thucydides.model.reflection.StackTraceAnalyser] - Couldn't find class during Stack analysis: jdk.proxy2.$Proxy5
[2026-01-15 15:39:54.188] [TRACE] [net.thucydides.model.reflection.StackTraceAnalyser] - Couldn't find class during Stack analysis: jdk.proxy2.$Proxy5
[2026-01-15 15:39:54.207] [TRACE] [net.thucydides.model.reflection.StackTraceAnalyser] - Couldn't find class during Stack analysis: jdk.proxy2.$Proxy5
[2026-01-15 15:39:54.207] [DEBUG] [net.serenitybdd.core.photography.Darkroom] - Opening darkroom
[2026-01-15 15:39:54.215] [DEBUG] [net.serenitybdd.core.photography.DarkroomProcessingLine] - Darkroom processing line starting up
[2026-01-15 15:39:54.700] [DEBUG] [net.serenitybdd.core.photography.Darkroom] - Send negative for processing for D:\CONOCIMIENTO\QA AUTOMATION\seleniumPOM\target\site\serenity\4a1de389e6f00a7d18ff5eb52e318da6af1de52559b3da2f32674a9c104e44b6.png
[2026-01-15 15:39:54.719] [DEBUG] [net.thucydides.core.steps.StepInterceptor] - STEP DONE: sauceDemo
[2026-01-15 15:39:54.726] [TRACE] [net.thucydides.model.reflection.StackTraceAnalyser] - Couldn't find class during Stack analysis: jdk.proxy2.$Proxy5
[2026-01-15 15:39:54.737] [TRACE] [net.thucydides.model.reflection.StackTraceAnalyser] - Couldn't find class during Stack analysis: jdk.proxy2.$Proxy5
[2026-01-15 15:39:54.740] [TRACE] [net.thucydides.model.reflection.StackTraceAnalyser] - Couldn't find class during Stack analysis: jdk.proxy2.$Proxy5
[2026-01-15 15:39:54.748] [TRACE] [net.thucydides.model.reflection.StackTraceAnalyser] - Couldn't find class during Stack analysis: jdk.proxy2.$Proxy5
[2026-01-15 15:39:54.843] [INFO ] [AUTOMATION] - Ingresando el usuario
[2026-01-15 15:39:55.041] [INFO ] [AUTOMATION] - Ingresando la contrase침a
[2026-01-15 15:39:55.157] [INFO ] [AUTOMATION] - Dando click al bot칩n de Login
[2026-01-15 15:39:55.463] [TRACE] [net.thucydides.model.reflection.StackTraceAnalyser] - Couldn't find class during Stack analysis: jdk.proxy2.$Proxy5
[2026-01-15 15:39:55.474] [TRACE] [net.thucydides.model.reflection.StackTraceAnalyser] - Couldn't find class during Stack analysis: jdk.proxy2.$Proxy5
[2026-01-15 15:39:55.474] [TRACE] [net.thucydides.model.reflection.StackTraceAnalyser] - Couldn't find class during Stack analysis: jdk.proxy2.$Proxy5
[2026-01-15 15:39:55.486] [TRACE] [net.thucydides.model.reflection.StackTraceAnalyser] - Couldn't find class during Stack analysis: jdk.proxy2.$Proxy5
[2026-01-15 15:39:55.716] [DEBUG] [net.serenitybdd.core.photography.Darkroom] - Send negative for processing for D:\CONOCIMIENTO\QA AUTOMATION\seleniumPOM\target\site\serenity\c12e37c96090602b6ee725555f86e03c88d4f5da7132c816833c0600ea896876.png
[2026-01-15 15:39:55.716] [DEBUG] [net.serenitybdd.core.photography.DarkroomProcessingLine] - Processing screenshot image in /var/screenshots/screenshot-26400467839529394
[2026-01-15 15:39:55.716] [DEBUG] [net.serenitybdd.core.photography.DarkroomProcessingLine] - Saving screenshot to D:\CONOCIMIENTO\QA AUTOMATION\seleniumPOM\target\site\serenity\c12e37c96090602b6ee725555f86e03c88d4f5da7132c816833c0600ea896876.png
[2026-01-15 15:39:55.716] [TRACE] [net.thucydides.model.reflection.StackTraceAnalyser] - Couldn't find class during Stack analysis: jdk.proxy2.$Proxy5
[2026-01-15 15:39:55.716] [TRACE] [net.thucydides.model.reflection.StackTraceAnalyser] - Couldn't find class during Stack analysis: jdk.proxy2.$Proxy5
[2026-01-15 15:39:55.734] [TRACE] [net.thucydides.model.reflection.StackTraceAnalyser] - Couldn't find class during Stack analysis: jdk.proxy2.$Proxy5
[2026-01-15 15:39:55.738] [TRACE] [net.thucydides.model.reflection.StackTraceAnalyser] - Couldn't find class during Stack analysis: jdk.proxy2.$Proxy5
[2026-01-15 15:39:55.742] [INFO ] [net.thucydides.model.logging.ConsoleLoggingListener] - 
  _____   ___   ___   _____     ___     _     ___   ___   ___   ___  
 |_   _| | __| / __| |_   _|   | _ \   /_\   / __| / __| | __| |   \ 
   | |   | _|  \__ \   | |     |  _/  / _ \  \__ \ \__ \ | _|  | |) |
   |_|   |___| |___/   |_|     |_|   /_/ \_\ |___/ |___/ |___| |___/ 

: Login exitoso
----------------------------------------------------------------------
[2026-01-15 15:39:56.014] [TRACE] [net.thucydides.model.util.PropertiesLocalPreferences] - LOADING LOCAL PROPERTIES FROM D:\CONOCIMIENTO\QA AUTOMATION\seleniumPOM\serenity.properties 
[2026-01-15 15:39:56.014] [TRACE] [net.thucydides.model.util.PropertiesLocalPreferences] - LOADING LOCAL PROPERTIES FROM D:\CONOCIMIENTO\QA AUTOMATION\seleniumPOM\serenity.properties 
[2026-01-15 15:39:56.014] [TRACE] [net.thucydides.model.util.PropertiesLocalPreferences] - LOADING LOCAL PROPERTIES FROM D:\CONOCIMIENTO\QA AUTOMATION\seleniumPOM\serenity.properties 
[2026-01-15 15:39:56.021] [TRACE] [net.thucydides.model.util.PropertiesLocalPreferences] - LOADING LOCAL PROPERTIES FROM D:\CONOCIMIENTO\QA AUTOMATION\seleniumPOM\serenity.properties 
[2026-01-15 15:39:56.021] [TRACE] [net.thucydides.model.util.PropertiesLocalPreferences] - LOADING LOCAL PROPERTIES FROM D:\CONOCIMIENTO\QA AUTOMATION\seleniumPOM\serenity.properties 
[2026-01-15 15:39:56.021] [TRACE] [net.thucydides.model.util.PropertiesLocalPreferences] - LOADING LOCAL PROPERTIES FROM D:\CONOCIMIENTO\QA AUTOMATION\seleniumPOM\serenity.properties 
[2026-01-15 15:39:56.021] [DEBUG] [net.serenitybdd.cucumber.core.plugin.SerenityReporter] - Running feature from file:///D:/CONOCIMIENTO/QA%20AUTOMATION/seleniumPOM/src/test/resources/features/login.feature
[2026-01-15 15:39:56.021] [INFO ] [net.thucydides.model.logging.ConsoleLoggingListener] - 
  _____   ___   ___   _____     ___   _____     _     ___   _____   ___   ___  
 |_   _| | __| / __| |_   _|   / __| |_   _|   /_\   | _ \ |_   _| | __| |   \ 
   | |   | _|  \__ \   | |     \__ \   | |    / _ \  |   /   | |   | _|  | |) |
   |_|   |___| |___/   |_|     |___/   |_|   /_/ \_\ |_|_\   |_|   |___| |___/ 

: Login fallido(:-ingresar-a-la-pagina-sawg-labs-y-verificar-el-inicio-de-sesion;:-login-fallido)
--------------------------------------------------------------------------------
[2026-01-15 15:39:56.029] [TRACE] [net.thucydides.model.util.PropertiesLocalPreferences] - LOADING LOCAL PROPERTIES FROM D:\CONOCIMIENTO\QA AUTOMATION\seleniumPOM\serenity.properties 
[2026-01-15 15:39:56.029] [TRACE] [net.thucydides.model.util.PropertiesLocalPreferences] - LOADING LOCAL PROPERTIES FROM D:\CONOCIMIENTO\QA AUTOMATION\seleniumPOM\serenity.properties 
[2026-01-15 15:39:56.029] [TRACE] [net.thucydides.model.util.PropertiesLocalPreferences] - LOADING LOCAL PROPERTIES FROM D:\CONOCIMIENTO\QA AUTOMATION\seleniumPOM\serenity.properties 
[2026-01-15 15:39:56.037] [TRACE] [net.thucydides.model.util.PropertiesLocalPreferences] - LOADING LOCAL PROPERTIES FROM D:\CONOCIMIENTO\QA AUTOMATION\seleniumPOM\serenity.properties 
[2026-01-15 15:39:56.037] [TRACE] [net.thucydides.model.util.PropertiesLocalPreferences] - LOADING LOCAL PROPERTIES FROM D:\CONOCIMIENTO\QA AUTOMATION\seleniumPOM\serenity.properties 
[2026-01-15 15:39:56.039] [TRACE] [net.thucydides.model.util.PropertiesLocalPreferences] - LOADING LOCAL PROPERTIES FROM D:\CONOCIMIENTO\QA AUTOMATION\seleniumPOM\serenity.properties 
[2026-01-15 15:39:56.039] [TRACE] [net.thucydides.model.util.PropertiesLocalPreferences] - LOADING LOCAL PROPERTIES FROM D:\CONOCIMIENTO\QA AUTOMATION\seleniumPOM\serenity.properties 
[2026-01-15 15:39:56.039] [TRACE] [net.thucydides.model.util.PropertiesLocalPreferences] - LOADING LOCAL PROPERTIES FROM D:\CONOCIMIENTO\QA AUTOMATION\seleniumPOM\serenity.properties 
[2026-01-15 15:39:56.039] [TRACE] [net.thucydides.model.util.PropertiesLocalPreferences] - LOADING LOCAL PROPERTIES FROM D:\CONOCIMIENTO\QA AUTOMATION\seleniumPOM\serenity.properties 
[2026-01-15 15:39:56.039] [TRACE] [net.thucydides.model.util.PropertiesLocalPreferences] - LOADING LOCAL PROPERTIES FROM D:\CONOCIMIENTO\QA AUTOMATION\seleniumPOM\serenity.properties 
[2026-01-15 15:39:56.044] [TRACE] [net.thucydides.model.util.PropertiesLocalPreferences] - LOADING LOCAL PROPERTIES FROM D:\CONOCIMIENTO\QA AUTOMATION\seleniumPOM\serenity.properties 
[2026-01-15 15:39:56.045] [TRACE] [net.thucydides.model.util.PropertiesLocalPreferences] - LOADING LOCAL PROPERTIES FROM D:\CONOCIMIENTO\QA AUTOMATION\seleniumPOM\serenity.properties 
[2026-01-15 15:39:56.049] [TRACE] [net.thucydides.model.util.PropertiesLocalPreferences] - LOADING LOCAL PROPERTIES FROM D:\CONOCIMIENTO\QA AUTOMATION\seleniumPOM\serenity.properties 
[2026-01-15 15:39:56.049] [TRACE] [net.thucydides.model.util.PropertiesLocalPreferences] - LOADING LOCAL PROPERTIES FROM D:\CONOCIMIENTO\QA AUTOMATION\seleniumPOM\serenity.properties 
[2026-01-15 15:39:56.051] [TRACE] [net.thucydides.model.util.PropertiesLocalPreferences] - LOADING LOCAL PROPERTIES FROM D:\CONOCIMIENTO\QA AUTOMATION\seleniumPOM\serenity.properties 
[2026-01-15 15:39:56.051] [TRACE] [net.thucydides.model.util.PropertiesLocalPreferences] - LOADING LOCAL PROPERTIES FROM D:\CONOCIMIENTO\QA AUTOMATION\seleniumPOM\serenity.properties 
[2026-01-15 15:39:56.054] [TRACE] [net.thucydides.model.util.PropertiesLocalPreferences] - LOADING LOCAL PROPERTIES FROM D:\CONOCIMIENTO\QA AUTOMATION\seleniumPOM\serenity.properties 
[2026-01-15 15:39:56.054] [TRACE] [net.thucydides.model.util.PropertiesLocalPreferences] - LOADING LOCAL PROPERTIES FROM D:\CONOCIMIENTO\QA AUTOMATION\seleniumPOM\serenity.properties 
[2026-01-15 15:39:56.054] [TRACE] [net.thucydides.model.util.PropertiesLocalPreferences] - LOADING LOCAL PROPERTIES FROM D:\CONOCIMIENTO\QA AUTOMATION\seleniumPOM\serenity.properties 
[2026-01-15 15:39:56.054] [TRACE] [net.thucydides.model.util.PropertiesLocalPreferences] - LOADING LOCAL PROPERTIES FROM D:\CONOCIMIENTO\QA AUTOMATION\seleniumPOM\serenity.properties 
[2026-01-15 15:39:56.054] [TRACE] [net.thucydides.model.util.PropertiesLocalPreferences] - LOADING LOCAL PROPERTIES FROM D:\CONOCIMIENTO\QA AUTOMATION\seleniumPOM\serenity.properties 
[2026-01-15 15:39:56.054] [TRACE] [net.thucydides.model.util.PropertiesLocalPreferences] - LOADING LOCAL PROPERTIES FROM D:\CONOCIMIENTO\QA AUTOMATION\seleniumPOM\serenity.properties 
[2026-01-15 15:39:56.061] [TRACE] [net.thucydides.model.util.PropertiesLocalPreferences] - LOADING LOCAL PROPERTIES FROM D:\CONOCIMIENTO\QA AUTOMATION\seleniumPOM\serenity.properties 
[2026-01-15 15:39:56.061] [TRACE] [net.thucydides.model.util.PropertiesLocalPreferences] - LOADING LOCAL PROPERTIES FROM D:\CONOCIMIENTO\QA AUTOMATION\seleniumPOM\serenity.properties 
[2026-01-15 15:39:56.061] [DEBUG] [net.thucydides.core.steps.StepInterceptor] - STARTING STEP: LoginDefinitions.queIngresoALaPaginaSawgLab - sauceDemo
[2026-01-15 15:39:56.092] [INFO ] [net.serenitybdd.core.webdriver.driverproviders.ChromeDriverProvider] - Starting Chrome driver instance with capabilities:
[2026-01-15 15:39:56.092] [INFO ] [net.serenitybdd.core.webdriver.driverproviders.ChromeDriverProvider] - Capabilities {acceptInsecureCerts: false, browserName: chrome, goog:chromeOptions: {args: [remote-allow-origins=*, --start-maximized], extensions: []}}
[2026-01-15 15:39:57.375] [TRACE] [net.thucydides.model.reflection.StackTraceAnalyser] - Couldn't find class during Stack analysis: jdk.proxy2.$Proxy5
[2026-01-15 15:39:57.390] [TRACE] [net.thucydides.model.reflection.StackTraceAnalyser] - Couldn't find class during Stack analysis: jdk.proxy2.$Proxy5
[2026-01-15 15:39:57.391] [TRACE] [net.thucydides.model.reflection.StackTraceAnalyser] - Couldn't find class during Stack analysis: jdk.proxy2.$Proxy5
[2026-01-15 15:39:57.505] [DEBUG] [net.serenitybdd.core.photography.Darkroom] - Send negative for processing for D:\CONOCIMIENTO\QA AUTOMATION\seleniumPOM\target\site\serenity\4a1de389e6f00a7d18ff5eb52e318da6af1de52559b3da2f32674a9c104e44b6.png
[2026-01-15 15:39:57.505] [DEBUG] [net.thucydides.core.steps.StepInterceptor] - STEP DONE: sauceDemo
[2026-01-15 15:39:57.508] [TRACE] [net.thucydides.model.reflection.StackTraceAnalyser] - Couldn't find class during Stack analysis: jdk.proxy2.$Proxy5
[2026-01-15 15:39:57.515] [TRACE] [net.thucydides.model.reflection.StackTraceAnalyser] - Couldn't find class during Stack analysis: jdk.proxy2.$Proxy5
[2026-01-15 15:39:57.518] [TRACE] [net.thucydides.model.reflection.StackTraceAnalyser] - Couldn't find class during Stack analysis: jdk.proxy2.$Proxy5
[2026-01-15 15:39:57.522] [TRACE] [net.thucydides.model.reflection.StackTraceAnalyser] - Couldn't find class during Stack analysis: jdk.proxy2.$Proxy5
[2026-01-15 15:39:57.528] [INFO ] [AUTOMATION] - Ingresando el usuario
[2026-01-15 15:39:57.663] [INFO ] [AUTOMATION] - Ingresando la contrase침a
[2026-01-15 15:39:57.754] [INFO ] [AUTOMATION] - Dando click al bot칩n de Login
[2026-01-15 15:39:58.025] [TRACE] [net.thucydides.model.reflection.StackTraceAnalyser] - Couldn't find class during Stack analysis: jdk.proxy2.$Proxy5
[2026-01-15 15:39:58.028] [TRACE] [net.thucydides.model.reflection.StackTraceAnalyser] - Couldn't find class during Stack analysis: jdk.proxy2.$Proxy5
[2026-01-15 15:39:58.034] [TRACE] [net.thucydides.model.reflection.StackTraceAnalyser] - Couldn't find class during Stack analysis: jdk.proxy2.$Proxy5
[2026-01-15 15:39:58.039] [TRACE] [net.thucydides.model.reflection.StackTraceAnalyser] - Couldn't find class during Stack analysis: jdk.proxy2.$Proxy5
[2026-01-15 15:39:58.225] [DEBUG] [net.serenitybdd.core.photography.Darkroom] - Send negative for processing for D:\CONOCIMIENTO\QA AUTOMATION\seleniumPOM\target\site\serenity\c12e37c96090602b6ee725555f86e03c88d4f5da7132c816833c0600ea896876.png
[2026-01-15 15:39:58.230] [TRACE] [net.thucydides.model.reflection.StackTraceAnalyser] - Couldn't find class during Stack analysis: jdk.proxy2.$Proxy5
[2026-01-15 15:39:58.232] [TRACE] [net.thucydides.model.reflection.StackTraceAnalyser] - Couldn't find class during Stack analysis: jdk.proxy2.$Proxy5
[2026-01-15 15:39:58.237] [TRACE] [net.thucydides.model.reflection.StackTraceAnalyser] - Couldn't find class during Stack analysis: jdk.proxy2.$Proxy5
[2026-01-15 15:39:58.246] [TRACE] [net.thucydides.model.reflection.StackTraceAnalyser] - Couldn't find class during Stack analysis: jdk.proxy2.$Proxy5
[2026-01-15 15:39:58.246] [INFO ] [net.thucydides.model.logging.ConsoleLoggingListener] - 
  _____   ___   ___   _____     ___     _     ___   ___   ___   ___  
 |_   _| | __| / __| |_   _|   | _ \   /_\   / __| / __| | __| |   \ 
   | |   | _|  \__ \   | |     |  _/  / _ \  \__ \ \__ \ | _|  | |) |
   |_|   |___| |___/   |_|     |_|   /_/ \_\ |___/ |___/ |___| |___/ 

: Login fallido
----------------------------------------------------------------------
[2026-01-15 15:39:58.392] [TRACE] [net.thucydides.model.util.PropertiesLocalPreferences] - LOADING LOCAL PROPERTIES FROM D:\CONOCIMIENTO\QA AUTOMATION\seleniumPOM\serenity.properties 
[2026-01-15 15:39:58.397] [TRACE] [net.thucydides.model.util.PropertiesLocalPreferences] - LOADING LOCAL PROPERTIES FROM D:\CONOCIMIENTO\QA AUTOMATION\seleniumPOM\serenity.properties 
[2026-01-15 15:39:58.397] [TRACE] [net.thucydides.model.util.PropertiesLocalPreferences] - LOADING LOCAL PROPERTIES FROM D:\CONOCIMIENTO\QA AUTOMATION\seleniumPOM\serenity.properties 
[2026-01-15 15:39:58.397] [TRACE] [net.thucydides.model.util.PropertiesLocalPreferences] - LOADING LOCAL PROPERTIES FROM D:\CONOCIMIENTO\QA AUTOMATION\seleniumPOM\serenity.properties 
[2026-01-15 15:39:58.397] [TRACE] [net.thucydides.model.util.PropertiesLocalPreferences] - LOADING LOCAL PROPERTIES FROM D:\CONOCIMIENTO\QA AUTOMATION\seleniumPOM\serenity.properties 
[2026-01-15 15:39:58.397] [TRACE] [net.thucydides.model.util.PropertiesLocalPreferences] - LOADING LOCAL PROPERTIES FROM D:\CONOCIMIENTO\QA AUTOMATION\seleniumPOM\serenity.properties 
[2026-01-15 15:39:58.407] [DEBUG] [net.thucydides.model.reports.ReportService] - Reporting formats: [JSON]
[2026-01-15 15:39:58.410] [TRACE] [net.thucydides.model.reports.ReportService] - Found reporter: net.thucydides.model.reports.json.JSONTestOutcomeReporter@7aaec50e(format = Optional[JSON])
[2026-01-15 15:39:58.410] [TRACE] [net.thucydides.model.reports.ReportService] - Registering reporter: net.thucydides.model.reports.json.JSONTestOutcomeReporter@7aaec50e
[2026-01-15 15:39:58.414] [TRACE] [net.thucydides.model.reports.ReportService] - Found reporter: net.thucydides.core.reports.html.HtmlAcceptanceTestReporter@4105b1d2(format = Optional[HTML])
[2026-01-15 15:39:58.414] [DEBUG] [net.thucydides.model.reports.ReportService] - Reporting formats: [JSON]
[2026-01-15 15:39:58.421] [DEBUG] [net.thucydides.model.reports.ReportService] - Generating reports for 2 test outcomes using: net.thucydides.model.reports.json.JSONTestOutcomeReporter@7aaec50e
[2026-01-15 15:39:58.421] [DEBUG] [net.thucydides.model.reports.ReportService] - Processing test outcome : Ingresar a la pagina Sawg labs y verificar el inicio de sesion:: Login fallido
[2026-01-15 15:39:58.421] [DEBUG] [net.thucydides.model.reports.ReportService] - Processing test outcome : Ingresar a la pagina Sawg labs y verificar el inicio de sesion:: Login exitoso
[2026-01-15 15:39:58.424] [DEBUG] [net.thucydides.model.reports.ReportService] - net.thucydides.model.reports.json.JSONTestOutcomeReporter@7aaec50e: Generating report for test outcome: : Ingresar a la pagina Sawg labs y verificar el inicio de sesion:: Login fallido
[2026-01-15 15:39:58.424] [DEBUG] [net.thucydides.model.reports.ReportService] - net.thucydides.model.reports.json.JSONTestOutcomeReporter@7aaec50e: Generating report for test outcome: : Ingresar a la pagina Sawg labs y verificar el inicio de sesion:: Login exitoso
[2026-01-15 15:39:58.430] [DEBUG] [net.thucydides.model.reports.json.JSONTestOutcomeReporter] - Generating JSON report for : Login fallido to file D:\CONOCIMIENTO\QA AUTOMATION\seleniumPOM\target\site\serenity\80f7b2b04e9690ea68bf3340ded68c04_ido_chrome_comma_windows_login.json)
[2026-01-15 15:39:58.430] [DEBUG] [net.thucydides.model.reports.json.JSONTestOutcomeReporter] - Generating JSON report for : Login exitoso to file D:\CONOCIMIENTO\QA AUTOMATION\seleniumPOM\target\site\serenity\dabcfb826dfc17c05971e340440e0e02_oso_chrome_comma_windows_login.json)
[2026-01-15 15:39:58.461] [DEBUG] [net.thucydides.model.reports.ReportService] - Processing test outcome : Ingresar a la pagina Sawg labs y verificar el inicio de sesion:: Login exitoso done
[2026-01-15 15:39:58.461] [DEBUG] [net.thucydides.model.reports.ReportService] - Processing test outcome : Ingresar a la pagina Sawg labs y verificar el inicio de sesion:: Login fallido done
[2026-01-15 15:39:58.462] [DEBUG] [net.thucydides.model.reports.ReportService] - Shutting down executor service
[2026-01-15 15:39:58.462] [DEBUG] [net.thucydides.model.reports.ReportService] - Reports generated in: 41 ms
[2026-01-15 15:39:58.515] [DEBUG] [net.serenitybdd.core.photography.Darkroom] - Closing darkroom
[2026-01-15 15:39:58.515] [DEBUG] [net.serenitybdd.core.photography.DarkroomProcessingLine] - Darkroom processing line shutting down
[2026-01-15 15:39:58.521] [DEBUG] [net.serenitybdd.core.photography.Darkroom] - Closing darkroom
